Using pre-set license
Built from '2020.3/staging' branch; Version is '2020.3.8f1 (507919d4fff5) revision 5273881'; Using compiler version '192528614'; Build Type 'Release'
OS: 'Windows 10 Home; OS build 19042.1466; Version 2009; 64bit' Language: 'en' Physical Memory: 16251 MB
BatchMode: 1, IsHumanControllingUs: 0, StartBugReporterOnCrash: 0, Is64bit: 1, IsPro: 0

 COMMAND LINE ARGUMENTS:
C:\Program Files\Unity\Hub\Editor\2020.3.8f1\Editor\Unity.exe
-adb2
-batchMode
-noUpm
-name
AssetImportWorker0
-projectPath
C:/Users/tomas/Documents/GitHub/IApr2/DecisionMaking02
-logFile
Logs/AssetImportWorker0.log
-srvPort
49458
Successfully changed project path to: C:/Users/tomas/Documents/GitHub/IApr2/DecisionMaking02
C:/Users/tomas/Documents/GitHub/IApr2/DecisionMaking02
Using Asset Import Pipeline V2.
Refreshing native plugins compatible for Editor in 29.00 ms, found 0 plugins.
Preloading 0 native plugins for Editor in 0.00 ms.
Initialize engine version: 2020.3.8f1 (507919d4fff5)
[Subsystems] Discovering subsystems at path C:/Program Files/Unity/Hub/Editor/2020.3.8f1/Editor/Data/Resources/UnitySubsystems
[Subsystems] Discovering subsystems at path C:/Users/tomas/Documents/GitHub/IApr2/DecisionMaking02/Assets
GfxDevice: creating device client; threaded=0
Direct3D:
    Version:  Direct3D 11.0 [level 11.1]
    Renderer: NVIDIA GeForce GTX 1650 (ID=0x1f99)
    Vendor:   
    VRAM:     3962 MB
    Driver:   27.21.14.6140
Initialize mono
Mono path[0] = 'C:/Program Files/Unity/Hub/Editor/2020.3.8f1/Editor/Data/Managed'
Mono path[1] = 'C:/Program Files/Unity/Hub/Editor/2020.3.8f1/Editor/Data/MonoBleedingEdge/lib/mono/unityjit'
Mono config path = 'C:/Program Files/Unity/Hub/Editor/2020.3.8f1/Editor/Data/MonoBleedingEdge/etc'
Using monoOptions --debugger-agent=transport=dt_socket,embedding=1,server=y,suspend=n,address=127.0.0.1:56056
Begin MonoManager ReloadAssembly
Registering precompiled unity dll's ...
Register platform support module: C:/Program Files/Unity/Hub/Editor/2020.3.8f1/Editor/Data/PlaybackEngines/WindowsStandaloneSupport/UnityEditor.WindowsStandalone.Extensions.dll
Registered in 0.002900 seconds.
Native extension for WindowsStandalone target not found
Refreshing native plugins compatible for Editor in 29.89 ms, found 0 plugins.
Preloading 0 native plugins for Editor in 0.00 ms.
Mono: successfully reloaded assembly
- Completed reload, in  1.390 seconds
Platform modules already initialized, skipping
Registering precompiled user dll's ...
Registered in 0.002546 seconds.
Begin MonoManager ReloadAssembly
Native extension for WindowsStandalone target not found
Refreshing native plugins compatible for Editor in 0.40 ms, found 0 plugins.
Preloading 0 native plugins for Editor in 0.00 ms.
Mono: successfully reloaded assembly
- Completed reload, in  1.585 seconds
Platform modules already initialized, skipping
========================================================================
Worker process is ready to serve import requests
Launched and connected shader compiler UnityShaderCompiler.exe after 0.05 seconds
Refreshing native plugins compatible for Editor in 0.25 ms, found 0 plugins.
Preloading 0 native plugins for Editor in 0.00 ms.
Unloading 1165 Unused Serialized files (Serialized files now loaded: 0)
System memory in use before: 58.4 MB.
System memory in use after: 58.4 MB.

Unloading 12 unused Assets to reduce memory usage. Loaded Objects now: 1631.
Total: 3.147100 ms (FindLiveObjects: 0.254400 ms CreateObjectMapping: 0.100700 ms MarkObjects: 2.670900 ms  DeleteObjects: 0.119700 ms)

========================================================================
Received Import Request.
  path: Assets/Easy Primitive People/Prefab/Cubicle.prefab
  artifactKey: Guid(1b134b1c5bdecf14e936ab0619fcf833) Importer(815301076,1909f56bfc062723c751e8b465ee728b)
Start importing Assets/Easy Primitive People/Prefab/Cubicle.prefab using Guid(1b134b1c5bdecf14e936ab0619fcf833) Importer(815301076,1909f56bfc062723c751e8b465ee728b)  -> (artifact id: 'c664a0738153eb86c9153fa936e70eb4') in 0.186990 seconds
  Import took 0.190260 seconds .

========================================================================
Received Import Request.
  Time since last request: 0.000670 seconds.
  path: Assets/LowPolyTreePack/Prefabs/rock03.prefab
  artifactKey: Guid(f16d978b3d1fa984d82c01d30a1fb40a) Importer(815301076,1909f56bfc062723c751e8b465ee728b)
Start importing Assets/LowPolyTreePack/Prefabs/rock03.prefab using Guid(f16d978b3d1fa984d82c01d30a1fb40a) Importer(815301076,1909f56bfc062723c751e8b465ee728b)  -> (artifact id: 'de7397a8c27ca80be440844ba0bf11e2') in 0.019967 seconds
  Import took 0.023325 seconds .

========================================================================
Received Import Request.
  Time since last request: 0.000584 seconds.
  path: Assets/LowPolyTreePack/Prefabs/rockGroup02.prefab
  artifactKey: Guid(8d8b11b2e2435cc4787335555d35714f) Importer(815301076,1909f56bfc062723c751e8b465ee728b)
Start importing Assets/LowPolyTreePack/Prefabs/rockGroup02.prefab using Guid(8d8b11b2e2435cc4787335555d35714f) Importer(815301076,1909f56bfc062723c751e8b465ee728b)  -> (artifact id: '765b1df8e971e407679d7c7394ac0608') in 0.037630 seconds
  Import took 0.043473 seconds .

========================================================================
Received Import Request.
  Time since last request: 0.000986 seconds.
  path: Assets/LowPolyTreePack/Prefabs/rockGroup01.prefab
  artifactKey: Guid(10dcade9ef34ab642846c4b889ac76e7) Importer(815301076,1909f56bfc062723c751e8b465ee728b)
Start importing Assets/LowPolyTreePack/Prefabs/rockGroup01.prefab using Guid(10dcade9ef34ab642846c4b889ac76e7) Importer(815301076,1909f56bfc062723c751e8b465ee728b)  -> (artifact id: 'b6bc70bfa71d0193bcdc3211aa52c546') in 0.019257 seconds
  Import took 0.024250 seconds .

========================================================================
Received Import Request.
  Time since last request: 0.000864 seconds.
  path: Assets/LowPolyTreePack/Prefabs/pineTree02.prefab
  artifactKey: Guid(a1dee65b7ef7c344a97ff258503f49e7) Importer(815301076,1909f56bfc062723c751e8b465ee728b)
Start importing Assets/LowPolyTreePack/Prefabs/pineTree02.prefab using Guid(a1dee65b7ef7c344a97ff258503f49e7) Importer(815301076,1909f56bfc062723c751e8b465ee728b)  -> (artifact id: 'dd427bb7d2a1515ca0eaf4323fe12c11') in 0.042076 seconds
  Import took 0.044840 seconds .

========================================================================
Received Import Request.
  Time since last request: 0.000790 seconds.
  path: Assets/BehaviorBricks/Samples/ProgrammersQuickStartGuide/Done/DoneBullet.prefab
  artifactKey: Guid(5054610a218ed66468343c7d064e0a66) Importer(815301076,1909f56bfc062723c751e8b465ee728b)
Start importing Assets/BehaviorBricks/Samples/ProgrammersQuickStartGuide/Done/DoneBullet.prefab using Guid(5054610a218ed66468343c7d064e0a66) Importer(815301076,1909f56bfc062723c751e8b465ee728b)  -> (artifact id: 'a3c7a54b5e4a3b439fcdb3754e6eba5c') in 0.176214 seconds
  Import took 0.179505 seconds .

========================================================================
Received Import Request.
  Time since last request: 0.000922 seconds.
  path: Assets/Easy Primitive People/Prefab/Nurse.prefab
  artifactKey: Guid(51e437be22296b340954bf6591a60065) Importer(815301076,1909f56bfc062723c751e8b465ee728b)
Start importing Assets/Easy Primitive People/Prefab/Nurse.prefab using Guid(51e437be22296b340954bf6591a60065) Importer(815301076,1909f56bfc062723c751e8b465ee728b)  -> (artifact id: '12979fd75732f31a2ada1f4695195daf') in 0.027929 seconds
  Import took 0.031428 seconds .

========================================================================
Received Import Request.
  Time since last request: 0.000814 seconds.
  path: Assets/LowPolyTreePack/Prefabs/oakTree_leafless.prefab
  artifactKey: Guid(3b703535d10b66844a909b8cd4b12fc5) Importer(815301076,1909f56bfc062723c751e8b465ee728b)
Start importing Assets/LowPolyTreePack/Prefabs/oakTree_leafless.prefab using Guid(3b703535d10b66844a909b8cd4b12fc5) Importer(815301076,1909f56bfc062723c751e8b465ee728b)  -> (artifact id: 'debdacd58e92adaa6536b0e905399d22') in 0.030696 seconds
  Import took 0.034573 seconds .

========================================================================
Received Import Request.
  Time since last request: 0.001010 seconds.
  path: Assets/Easy Primitive People/Prefab/Doctor.prefab
  artifactKey: Guid(b5a85490c717c88408f046479f4e1b8a) Importer(815301076,1909f56bfc062723c751e8b465ee728b)
Start importing Assets/Easy Primitive People/Prefab/Doctor.prefab using Guid(b5a85490c717c88408f046479f4e1b8a) Importer(815301076,1909f56bfc062723c751e8b465ee728b)  -> (artifact id: 'e8374d66e0a33f4b151be0d9a23cc4bd') in 0.022496 seconds
  Import took 0.025437 seconds .

========================================================================
Received Import Request.
  Time since last request: 0.001097 seconds.
  path: Assets/LowPolyTreePack/Prefabs/oakTree.prefab
  artifactKey: Guid(b9eb627f7bb4c1748829f3f01ce72b68) Importer(815301076,1909f56bfc062723c751e8b465ee728b)
Start importing Assets/LowPolyTreePack/Prefabs/oakTree.prefab using Guid(b9eb627f7bb4c1748829f3f01ce72b68) Importer(815301076,1909f56bfc062723c751e8b465ee728b)  -> (artifact id: '8381c1e229a35dc32002633919f6bd9d') in 0.030197 seconds
  Import took 0.034612 seconds .

========================================================================
Received Import Request.
  Time since last request: 0.000984 seconds.
  path: Assets/Easy Primitive People/Prefab/Santa.prefab
  artifactKey: Guid(34e776118e152b444ba6649c44b8b1c8) Importer(815301076,1909f56bfc062723c751e8b465ee728b)
Start importing Assets/Easy Primitive People/Prefab/Santa.prefab using Guid(34e776118e152b444ba6649c44b8b1c8) Importer(815301076,1909f56bfc062723c751e8b465ee728b)  -> (artifact id: 'bba808deb7758b857e8dfd123158ad80') in 0.021287 seconds
  Import took 0.025383 seconds .

========================================================================
Received Import Request.
  Time since last request: 0.000613 seconds.
  path: Assets/LowPolyTreePack/Prefabs/pineTree05.prefab
  artifactKey: Guid(abf04ed981f9b0e4daef0f76c3c9fc7c) Importer(815301076,1909f56bfc062723c751e8b465ee728b)
Start importing Assets/LowPolyTreePack/Prefabs/pineTree05.prefab using Guid(abf04ed981f9b0e4daef0f76c3c9fc7c) Importer(815301076,1909f56bfc062723c751e8b465ee728b)  -> (artifact id: 'a3b33ab7c47688744eba7cf5b4c3c419') in 0.024396 seconds
  Import took 0.026935 seconds .

========================================================================
Received Import Request.
  Time since last request: 0.001128 seconds.
  path: Assets/Easy Primitive People/Prefab/Robber.prefab
  artifactKey: Guid(b79d0b13355dc8f44b7956db61a82656) Importer(815301076,1909f56bfc062723c751e8b465ee728b)
Start importing Assets/Easy Primitive People/Prefab/Robber.prefab using Guid(b79d0b13355dc8f44b7956db61a82656) Importer(815301076,1909f56bfc062723c751e8b465ee728b)  -> (artifact id: 'edc3b0316825ca5af29bd1cc58f6fc99') in 0.020366 seconds
  Import took 0.023585 seconds .

========================================================================
Received Import Request.
  Time since last request: 0.000598 seconds.
  path: Assets/LowPolyTreePack/Prefabs/tree.prefab
  artifactKey: Guid(23f312332b5cd5542ba196450880e89b) Importer(815301076,1909f56bfc062723c751e8b465ee728b)
Start importing Assets/LowPolyTreePack/Prefabs/tree.prefab using Guid(23f312332b5cd5542ba196450880e89b) Importer(815301076,1909f56bfc062723c751e8b465ee728b)  -> (artifact id: 'de2f246512e9f2f236ca26451ccc8a28') in 0.028190 seconds
  Import took 0.030631 seconds .

========================================================================
Received Import Request.
  Time since last request: 0.000923 seconds.
  path: Assets/LowPolyTreePack/Prefabs/rock01.prefab
  artifactKey: Guid(b3d0e1c692a75b34d96fb84c9b431b64) Importer(815301076,1909f56bfc062723c751e8b465ee728b)
Start importing Assets/LowPolyTreePack/Prefabs/rock01.prefab using Guid(b3d0e1c692a75b34d96fb84c9b431b64) Importer(815301076,1909f56bfc062723c751e8b465ee728b)  -> (artifact id: 'dce34acabf284128c560dc3a55c6902b') in 0.022546 seconds
  Import took 0.027197 seconds .

========================================================================
Received Import Request.
  Time since last request: 0.000861 seconds.
  path: Assets/Easy Primitive People/Prefab/Zombie.prefab
  artifactKey: Guid(dc7e45f5f8f700449b1e5ee0e7fda889) Importer(815301076,1909f56bfc062723c751e8b465ee728b)
Start importing Assets/Easy Primitive People/Prefab/Zombie.prefab using Guid(dc7e45f5f8f700449b1e5ee0e7fda889) Importer(815301076,1909f56bfc062723c751e8b465ee728b)  -> (artifact id: '54ecc8df857799ec877e91526227c1d2') in 0.032815 seconds
  Import took 0.035841 seconds .

========================================================================
Received Import Request.
  Time since last request: 0.000981 seconds.
  path: Assets/Easy Primitive People/Prefab/Patient.prefab
  artifactKey: Guid(d36c43225f9391e4c8810c98eb7ef85e) Importer(815301076,1909f56bfc062723c751e8b465ee728b)
Start importing Assets/Easy Primitive People/Prefab/Patient.prefab using Guid(d36c43225f9391e4c8810c98eb7ef85e) Importer(815301076,1909f56bfc062723c751e8b465ee728b)  -> (artifact id: '1692d286a87a3a1b702f266ccca0d60c') in 0.027033 seconds
  Import took 0.030870 seconds .

========================================================================
Received Import Request.
  Time since last request: 0.001072 seconds.
  path: Assets/LowPolyTreePack/Prefabs/pineTree03.prefab
  artifactKey: Guid(e191e21fcb275784a9f8b6d08dcd932c) Importer(815301076,1909f56bfc062723c751e8b465ee728b)
Start importing Assets/LowPolyTreePack/Prefabs/pineTree03.prefab using Guid(e191e21fcb275784a9f8b6d08dcd932c) Importer(815301076,1909f56bfc062723c751e8b465ee728b)  -> (artifact id: '12759f391c1bdb314309333e6b23f0c1') in 0.111533 seconds
  Import took 0.114903 seconds .

========================================================================
Received Import Request.
  Time since last request: 0.000895 seconds.
  path: Assets/Easy Primitive People/Prefab/Cop.prefab
  artifactKey: Guid(35d11d1e1dd397942b5024ee78060e27) Importer(815301076,1909f56bfc062723c751e8b465ee728b)
Start importing Assets/Easy Primitive People/Prefab/Cop.prefab using Guid(35d11d1e1dd397942b5024ee78060e27) Importer(815301076,1909f56bfc062723c751e8b465ee728b)  -> (artifact id: '10f336ece3a84afe5d44114759f49eff') in 0.022598 seconds
  Import took 0.026274 seconds .

========================================================================
Received Import Request.
  Time since last request: 0.001210 seconds.
  path: Assets/LowPolyTreePack/Prefabs/birchTree.prefab
  artifactKey: Guid(e6f343cc46467004f811ce2ba3a3841b) Importer(815301076,1909f56bfc062723c751e8b465ee728b)
Start importing Assets/LowPolyTreePack/Prefabs/birchTree.prefab using Guid(e6f343cc46467004f811ce2ba3a3841b) Importer(815301076,1909f56bfc062723c751e8b465ee728b)  -> (artifact id: 'fc83eb318422abc31a58558e567ee6c7') in 0.298195 seconds
  Import took 0.301388 seconds .

========================================================================
Received Import Request.
  Time since last request: 0.000887 seconds.
  path: Assets/LowPolyTreePack/Prefabs/tree_leafless.prefab
  artifactKey: Guid(ba2b67dbc790eb74f8a401c592dd619f) Importer(815301076,1909f56bfc062723c751e8b465ee728b)
Start importing Assets/LowPolyTreePack/Prefabs/tree_leafless.prefab using Guid(ba2b67dbc790eb74f8a401c592dd619f) Importer(815301076,1909f56bfc062723c751e8b465ee728b)  -> (artifact id: '792be68e08288905f1549bb42b2f57ec') in 0.016471 seconds
  Import took 0.019023 seconds .

========================================================================
Received Import Request.
  Time since last request: 0.000837 seconds.
  path: Assets/BehaviorBricks/Samples/QuickStartGuide/Done/Resources/Enemy.prefab
  artifactKey: Guid(9a13705e440519e4ea5b248f89a0ba6f) Importer(815301076,1909f56bfc062723c751e8b465ee728b)
Start importing Assets/BehaviorBricks/Samples/QuickStartGuide/Done/Resources/Enemy.prefab using Guid(9a13705e440519e4ea5b248f89a0ba6f) Importer(815301076,1909f56bfc062723c751e8b465ee728b) DeserializeNextElement: Viene otra cosa: EndElement. TerminamosDeserializeNextElement: Viene otra cosa: EndElement. Terminamos -> (artifact id: 'd0272288161996636a9f532970ea6f20') in 0.127582 seconds
  Import took 0.130812 seconds .

========================================================================
Received Import Request.
  Time since last request: 0.000772 seconds.
  path: Assets/LowPolyTreePack/Prefabs/mountain.prefab
  artifactKey: Guid(81f51ec42d5c7784aa8e8d5298eddaa0) Importer(815301076,1909f56bfc062723c751e8b465ee728b)
Start importing Assets/LowPolyTreePack/Prefabs/mountain.prefab using Guid(81f51ec42d5c7784aa8e8d5298eddaa0) Importer(815301076,1909f56bfc062723c751e8b465ee728b)  -> (artifact id: '6155c3cc13cfbc9ea8b3d346b8455307') in 0.040432 seconds
  Import took 0.044076 seconds .

========================================================================
Received Import Request.
  Time since last request: 0.001206 seconds.
  path: Assets/Easy Primitive People/Prefab/Knight.prefab
  artifactKey: Guid(e6f91243a53d8cd4fab23ed891f0cc8a) Importer(815301076,1909f56bfc062723c751e8b465ee728b)
Start importing Assets/Easy Primitive People/Prefab/Knight.prefab using Guid(e6f91243a53d8cd4fab23ed891f0cc8a) Importer(815301076,1909f56bfc062723c751e8b465ee728b)  -> (artifact id: 'e1491f53a457ee97ae1e514a3c0c525c') in 0.026058 seconds
  Import took 0.030107 seconds .

========================================================================
Received Import Request.
  Time since last request: 0.001063 seconds.
  path: Assets/LowPolyTreePack/Prefabs/pineTree04.prefab
  artifactKey: Guid(db15def326817084cb719e1c5f999b99) Importer(815301076,1909f56bfc062723c751e8b465ee728b)
Start importing Assets/LowPolyTreePack/Prefabs/pineTree04.prefab using Guid(db15def326817084cb719e1c5f999b99) Importer(815301076,1909f56bfc062723c751e8b465ee728b)  -> (artifact id: '963b23ab81d1b3f2d8f7ee27eee70690') in 0.023072 seconds
  Import took 0.027188 seconds .

========================================================================
Received Import Request.
  Time since last request: 0.000921 seconds.
  path: Assets/LowPolyTreePack/Prefabs/birchTree_leafless.prefab
  artifactKey: Guid(be44d0243648ece459799ac0d5d4a2a6) Importer(815301076,1909f56bfc062723c751e8b465ee728b)
Start importing Assets/LowPolyTreePack/Prefabs/birchTree_leafless.prefab using Guid(be44d0243648ece459799ac0d5d4a2a6) Importer(815301076,1909f56bfc062723c751e8b465ee728b)  -> (artifact id: '896ddbf688b8b679d7f3744965e8f68b') in 0.023124 seconds
  Import took 0.025842 seconds .

========================================================================
Received Import Request.
  Time since last request: 0.000923 seconds.
  path: Assets/LowPolyTreePack/Prefabs/treeStump.prefab
  artifactKey: Guid(c0aa33e678586aa43a1a9254fdfdfb4d) Importer(815301076,1909f56bfc062723c751e8b465ee728b)
Start importing Assets/LowPolyTreePack/Prefabs/treeStump.prefab using Guid(c0aa33e678586aa43a1a9254fdfdfb4d) Importer(815301076,1909f56bfc062723c751e8b465ee728b)  -> (artifact id: 'ed080dca7f3879e9418c245b3870d480') in 0.019718 seconds
  Import took 0.023428 seconds .

========================================================================
Received Import Request.
  Time since last request: 0.000877 seconds.
  path: Assets/LowPolyTreePack/Prefabs/rockGroup03.prefab
  artifactKey: Guid(88cc729ed2bce0b458f679b575dab345) Importer(815301076,1909f56bfc062723c751e8b465ee728b)
Start importing Assets/LowPolyTreePack/Prefabs/rockGroup03.prefab using Guid(88cc729ed2bce0b458f679b575dab345) Importer(815301076,1909f56bfc062723c751e8b465ee728b)  -> (artifact id: '49b79728e748b1dd32019489f601281c') in 0.024845 seconds
  Import took 0.028706 seconds .

========================================================================
Received Import Request.
  Time since last request: 0.000977 seconds.
  path: Assets/LowPolyTreePack/Prefabs/rock02.prefab
  artifactKey: Guid(f76595434879f634c8b88f3cc4f08b2c) Importer(815301076,1909f56bfc062723c751e8b465ee728b)
Start importing Assets/LowPolyTreePack/Prefabs/rock02.prefab using Guid(f76595434879f634c8b88f3cc4f08b2c) Importer(815301076,1909f56bfc062723c751e8b465ee728b)  -> (artifact id: '12b4cfa7049ca82609f361eac02c3f98') in 0.022554 seconds
  Import took 0.025262 seconds .

========================================================================
Received Import Request.
  Time since last request: 0.001092 seconds.
  path: Assets/LowPolyTreePack/Prefabs/pineTree.prefab
  artifactKey: Guid(3e07483cd9aa6a141bb9c8e2d2c2bdad) Importer(815301076,1909f56bfc062723c751e8b465ee728b)
Start importing Assets/LowPolyTreePack/Prefabs/pineTree.prefab using Guid(3e07483cd9aa6a141bb9c8e2d2c2bdad) Importer(815301076,1909f56bfc062723c751e8b465ee728b)  -> (artifact id: '70b45cd420e5bff7cab02cf454f8ee42') in 0.021649 seconds
  Import took 0.025074 seconds .

========================================================================
Received Import Request.
  Time since last request: 0.000773 seconds.
  path: Assets/Easy Primitive People/Prefab/Villager.prefab
  artifactKey: Guid(d2a6cffd27c3e44449a585a61fc0359d) Importer(815301076,1909f56bfc062723c751e8b465ee728b)
Start importing Assets/Easy Primitive People/Prefab/Villager.prefab using Guid(d2a6cffd27c3e44449a585a61fc0359d) Importer(815301076,1909f56bfc062723c751e8b465ee728b)  -> (artifact id: '388bf073b78c223f641aa366b0d48163') in 0.022932 seconds
  Import took 0.026415 seconds .

========================================================================
Received Prepare
Registering precompiled user dll's ...
Registered in 0.002707 seconds.
Begin MonoManager ReloadAssembly
Native extension for WindowsStandalone target not found
Refreshing native plugins compatible for Editor in 0.29 ms, found 0 plugins.
Preloading 0 native plugins for Editor in 0.00 ms.
Mono: successfully reloaded assembly
- Completed reload, in  1.381 seconds
Platform modules already initialized, skipping
Refreshing native plugins compatible for Editor in 0.22 ms, found 0 plugins.
Preloading 0 native plugins for Editor in 0.00 ms.
Unloading 1160 Unused Serialized files (Serialized files now loaded: 0)
System memory in use before: 61.9 MB.
System memory in use after: 62.0 MB.

Unloading 9 unused Assets to reduce memory usage. Loaded Objects now: 1646.
Total: 2.150800 ms (FindLiveObjects: 0.202100 ms CreateObjectMapping: 0.043400 ms MarkObjects: 1.803000 ms  DeleteObjects: 0.101400 ms)

========================================================================
Received Prepare
Registering precompiled user dll's ...
Registered in 0.003101 seconds.
Begin MonoManager ReloadAssembly
Native extension for WindowsStandalone target not found
Refreshing native plugins compatible for Editor in 0.22 ms, found 0 plugins.
Preloading 0 native plugins for Editor in 0.00 ms.
Mono: successfully reloaded assembly
- Completed reload, in  1.321 seconds
Platform modules already initialized, skipping
Refreshing native plugins compatible for Editor in 0.58 ms, found 0 plugins.
Preloading 0 native plugins for Editor in 0.00 ms.
Unloading 1160 Unused Serialized files (Serialized files now loaded: 0)
System memory in use before: 62.0 MB.
System memory in use after: 62.0 MB.

Unloading 7 unused Assets to reduce memory usage. Loaded Objects now: 1649.
Total: 2.430500 ms (FindLiveObjects: 0.131700 ms CreateObjectMapping: 0.039800 ms MarkObjects: 2.193000 ms  DeleteObjects: 0.064300 ms)

========================================================================
Received Prepare
Registering precompiled user dll's ...
Registered in 0.003796 seconds.
Begin MonoManager ReloadAssembly
Native extension for WindowsStandalone target not found
Refreshing native plugins compatible for Editor in 0.45 ms, found 0 plugins.
Preloading 0 native plugins for Editor in 0.00 ms.
Mono: successfully reloaded assembly
- Completed reload, in  1.405 seconds
Platform modules already initialized, skipping
Refreshing native plugins compatible for Editor in 0.25 ms, found 0 plugins.
Preloading 0 native plugins for Editor in 0.00 ms.
Unloading 1160 Unused Serialized files (Serialized files now loaded: 0)
System memory in use before: 62.0 MB.
System memory in use after: 62.1 MB.

Unloading 7 unused Assets to reduce memory usage. Loaded Objects now: 1652.
Total: 2.908500 ms (FindLiveObjects: 0.168200 ms CreateObjectMapping: 0.054100 ms MarkObjects: 2.634600 ms  DeleteObjects: 0.049900 ms)

========================================================================
Received Prepare
Registering precompiled user dll's ...
Registered in 0.002571 seconds.
Begin MonoManager ReloadAssembly
Native extension for WindowsStandalone target not found
Refreshing native plugins compatible for Editor in 0.21 ms, found 0 plugins.
Preloading 0 native plugins for Editor in 0.00 ms.
Mono: successfully reloaded assembly
- Completed reload, in  1.283 seconds
Platform modules already initialized, skipping
Refreshing native plugins compatible for Editor in 0.26 ms, found 0 plugins.
Preloading 0 native plugins for Editor in 0.00 ms.
Unloading 1160 Unused Serialized files (Serialized files now loaded: 0)
System memory in use before: 62.0 MB.
System memory in use after: 62.1 MB.

Unloading 7 unused Assets to reduce memory usage. Loaded Objects now: 1655.
Total: 1.824900 ms (FindLiveObjects: 0.114300 ms CreateObjectMapping: 0.032000 ms MarkObjects: 1.602200 ms  DeleteObjects: 0.075400 ms)

========================================================================
Received Prepare
Registering precompiled user dll's ...
Registered in 0.002272 seconds.
Begin MonoManager ReloadAssembly
Native extension for WindowsStandalone target not found
Refreshing native plugins compatible for Editor in 0.30 ms, found 0 plugins.
Preloading 0 native plugins for Editor in 0.00 ms.
Mono: successfully reloaded assembly
- Completed reload, in  1.352 seconds
Platform modules already initialized, skipping
Refreshing native plugins compatible for Editor in 0.21 ms, found 0 plugins.
Preloading 0 native plugins for Editor in 0.00 ms.
Unloading 1160 Unused Serialized files (Serialized files now loaded: 0)
System memory in use before: 62.0 MB.
System memory in use after: 62.1 MB.

Unloading 7 unused Assets to reduce memory usage. Loaded Objects now: 1658.
Total: 2.192100 ms (FindLiveObjects: 0.123300 ms CreateObjectMapping: 0.035900 ms MarkObjects: 1.971700 ms  DeleteObjects: 0.059900 ms)

========================================================================
Received Prepare
Registering precompiled user dll's ...
Registered in 0.002496 seconds.
Begin MonoManager ReloadAssembly
Native extension for WindowsStandalone target not found
Refreshing native plugins compatible for Editor in 0.48 ms, found 0 plugins.
Preloading 0 native plugins for Editor in 0.00 ms.
Mono: successfully reloaded assembly
- Completed reload, in  1.263 seconds
Platform modules already initialized, skipping
Refreshing native plugins compatible for Editor in 0.21 ms, found 0 plugins.
Preloading 0 native plugins for Editor in 0.00 ms.
Unloading 1160 Unused Serialized files (Serialized files now loaded: 0)
System memory in use before: 62.0 MB.
System memory in use after: 62.1 MB.

Unloading 7 unused Assets to reduce memory usage. Loaded Objects now: 1661.
Total: 1.943600 ms (FindLiveObjects: 0.133000 ms CreateObjectMapping: 0.039900 ms MarkObjects: 1.697400 ms  DeleteObjects: 0.071900 ms)

========================================================================
Received Prepare
Registering precompiled user dll's ...
Registered in 0.001810 seconds.
Begin MonoManager ReloadAssembly
Native extension for WindowsStandalone target not found
Refreshing native plugins compatible for Editor in 0.46 ms, found 0 plugins.
Preloading 0 native plugins for Editor in 0.00 ms.
Mono: successfully reloaded assembly
- Completed reload, in  1.388 seconds
Platform modules already initialized, skipping
Refreshing native plugins compatible for Editor in 0.27 ms, found 0 plugins.
Preloading 0 native plugins for Editor in 0.00 ms.
Unloading 1160 Unused Serialized files (Serialized files now loaded: 0)
System memory in use before: 62.0 MB.
System memory in use after: 62.1 MB.

Unloading 7 unused Assets to reduce memory usage. Loaded Objects now: 1664.
Total: 1.984500 ms (FindLiveObjects: 0.149900 ms CreateObjectMapping: 0.030000 ms MarkObjects: 1.715300 ms  DeleteObjects: 0.088400 ms)

========================================================================
Received Prepare
Registering precompiled user dll's ...
Registered in 0.002441 seconds.
Begin MonoManager ReloadAssembly
Native extension for WindowsStandalone target not found
Refreshing native plugins compatible for Editor in 0.32 ms, found 0 plugins.
Preloading 0 native plugins for Editor in 0.00 ms.
Mono: successfully reloaded assembly
- Completed reload, in  1.496 seconds
Platform modules already initialized, skipping
Refreshing native plugins compatible for Editor in 0.24 ms, found 0 plugins.
Preloading 0 native plugins for Editor in 0.00 ms.
Unloading 1160 Unused Serialized files (Serialized files now loaded: 0)
System memory in use before: 62.0 MB.
System memory in use after: 62.1 MB.

Unloading 7 unused Assets to reduce memory usage. Loaded Objects now: 1667.
Total: 1.969800 ms (FindLiveObjects: 0.137600 ms CreateObjectMapping: 0.040900 ms MarkObjects: 1.724200 ms  DeleteObjects: 0.065700 ms)

========================================================================
Received Prepare
Registering precompiled user dll's ...
Registered in 0.002920 seconds.
Begin MonoManager ReloadAssembly
Native extension for WindowsStandalone target not found
Refreshing native plugins compatible for Editor in 0.22 ms, found 0 plugins.
Preloading 0 native plugins for Editor in 0.00 ms.
Mono: successfully reloaded assembly
- Completed reload, in  1.251 seconds
Platform modules already initialized, skipping
Refreshing native plugins compatible for Editor in 0.22 ms, found 0 plugins.
Preloading 0 native plugins for Editor in 0.00 ms.
Unloading 1160 Unused Serialized files (Serialized files now loaded: 0)
System memory in use before: 62.0 MB.
System memory in use after: 62.1 MB.

Unloading 7 unused Assets to reduce memory usage. Loaded Objects now: 1670.
Total: 2.095600 ms (FindLiveObjects: 0.129200 ms CreateObjectMapping: 0.032100 ms MarkObjects: 1.842400 ms  DeleteObjects: 0.090800 ms)

========================================================================
Received Prepare
Registering precompiled user dll's ...
Registered in 0.002101 seconds.
Begin MonoManager ReloadAssembly
Native extension for WindowsStandalone target not found
Refreshing native plugins compatible for Editor in 0.32 ms, found 0 plugins.
Preloading 0 native plugins for Editor in 0.00 ms.
Mono: successfully reloaded assembly
- Completed reload, in  1.636 seconds
Platform modules already initialized, skipping
Refreshing native plugins compatible for Editor in 0.55 ms, found 0 plugins.
Preloading 0 native plugins for Editor in 0.00 ms.
Unloading 1160 Unused Serialized files (Serialized files now loaded: 0)
System memory in use before: 62.0 MB.
System memory in use after: 62.1 MB.

Unloading 7 unused Assets to reduce memory usage. Loaded Objects now: 1673.
Total: 2.305600 ms (FindLiveObjects: 0.224300 ms CreateObjectMapping: 0.070400 ms MarkObjects: 1.952600 ms  DeleteObjects: 0.056100 ms)

========================================================================
Received Prepare
Registering precompiled user dll's ...
Registered in 0.002632 seconds.
Begin MonoManager ReloadAssembly
Native extension for WindowsStandalone target not found
Refreshing native plugins compatible for Editor in 0.23 ms, found 0 plugins.
Preloading 0 native plugins for Editor in 0.00 ms.
Mono: successfully reloaded assembly
- Completed reload, in  1.293 seconds
Platform modules already initialized, skipping
Refreshing native plugins compatible for Editor in 0.22 ms, found 0 plugins.
Preloading 0 native plugins for Editor in 0.00 ms.
Unloading 1160 Unused Serialized files (Serialized files now loaded: 0)
System memory in use before: 62.0 MB.
System memory in use after: 62.1 MB.

Unloading 7 unused Assets to reduce memory usage. Loaded Objects now: 1676.
Total: 2.311700 ms (FindLiveObjects: 0.142600 ms CreateObjectMapping: 0.061100 ms MarkObjects: 1.992500 ms  DeleteObjects: 0.114500 ms)

========================================================================
Received Prepare
Registering precompiled user dll's ...
Registered in 0.002270 seconds.
Begin MonoManager ReloadAssembly
Native extension for WindowsStandalone target not found
Refreshing native plugins compatible for Editor in 0.23 ms, found 0 plugins.
Preloading 0 native plugins for Editor in 0.00 ms.
Mono: successfully reloaded assembly
- Completed reload, in  1.268 seconds
Platform modules already initialized, skipping
Refreshing native plugins compatible for Editor in 0.22 ms, found 0 plugins.
Preloading 0 native plugins for Editor in 0.00 ms.
Unloading 1160 Unused Serialized files (Serialized files now loaded: 0)
System memory in use before: 62.0 MB.
System memory in use after: 62.1 MB.

Unloading 7 unused Assets to reduce memory usage. Loaded Objects now: 1679.
Total: 2.115900 ms (FindLiveObjects: 0.236900 ms CreateObjectMapping: 0.083400 ms MarkObjects: 1.748800 ms  DeleteObjects: 0.045700 ms)

========================================================================
Received Prepare
Registering precompiled user dll's ...
Registered in 0.003133 seconds.
Begin MonoManager ReloadAssembly
Native extension for WindowsStandalone target not found
Refreshing native plugins compatible for Editor in 0.35 ms, found 0 plugins.
Preloading 0 native plugins for Editor in 0.00 ms.
Mono: successfully reloaded assembly
- Completed reload, in  1.309 seconds
Platform modules already initialized, skipping
Refreshing native plugins compatible for Editor in 0.22 ms, found 0 plugins.
Preloading 0 native plugins for Editor in 0.00 ms.
Unloading 1160 Unused Serialized files (Serialized files now loaded: 0)
System memory in use before: 62.0 MB.
System memory in use after: 62.1 MB.

Unloading 7 unused Assets to reduce memory usage. Loaded Objects now: 1682.
Total: 1.611500 ms (FindLiveObjects: 0.125700 ms CreateObjectMapping: 0.033400 ms MarkObjects: 1.388500 ms  DeleteObjects: 0.062900 ms)

========================================================================
Received Prepare
Registering precompiled user dll's ...
Registered in 0.002698 seconds.
Begin MonoManager ReloadAssembly
Native extension for WindowsStandalone target not found
Refreshing native plugins compatible for Editor in 0.21 ms, found 0 plugins.
Preloading 0 native plugins for Editor in 0.00 ms.
Mono: successfully reloaded assembly
- Completed reload, in  1.058 seconds
Platform modules already initialized, skipping
Refreshing native plugins compatible for Editor in 0.21 ms, found 0 plugins.
Preloading 0 native plugins for Editor in 0.00 ms.
Unloading 1160 Unused Serialized files (Serialized files now loaded: 0)
System memory in use before: 62.0 MB.
System memory in use after: 62.1 MB.

Unloading 7 unused Assets to reduce memory usage. Loaded Objects now: 1685.
Total: 1.629000 ms (FindLiveObjects: 0.138100 ms CreateObjectMapping: 0.035000 ms MarkObjects: 1.411200 ms  DeleteObjects: 0.043900 ms)

========================================================================
Received Prepare
Registering precompiled user dll's ...
Registered in 0.002384 seconds.
Begin MonoManager ReloadAssembly
Native extension for WindowsStandalone target not found
Refreshing native plugins compatible for Editor in 0.25 ms, found 0 plugins.
Preloading 0 native plugins for Editor in 0.00 ms.
Mono: successfully reloaded assembly
- Completed reload, in  1.181 seconds
Platform modules already initialized, skipping
Refreshing native plugins compatible for Editor in 0.89 ms, found 0 plugins.
Preloading 0 native plugins for Editor in 0.00 ms.
Unloading 1160 Unused Serialized files (Serialized files now loaded: 0)
System memory in use before: 62.1 MB.
System memory in use after: 62.1 MB.

Unloading 7 unused Assets to reduce memory usage. Loaded Objects now: 1688.
Total: 2.646000 ms (FindLiveObjects: 0.287500 ms CreateObjectMapping: 0.115400 ms MarkObjects: 2.180400 ms  DeleteObjects: 0.061200 ms)

========================================================================
Received Prepare
Registering precompiled user dll's ...
Registered in 0.002052 seconds.
Begin MonoManager ReloadAssembly
Native extension for WindowsStandalone target not found
Refreshing native plugins compatible for Editor in 0.27 ms, found 0 plugins.
Preloading 0 native plugins for Editor in 0.00 ms.
Mono: successfully reloaded assembly
- Completed reload, in  1.164 seconds
Platform modules already initialized, skipping
Refreshing native plugins compatible for Editor in 0.25 ms, found 0 plugins.
Preloading 0 native plugins for Editor in 0.00 ms.
Unloading 1160 Unused Serialized files (Serialized files now loaded: 0)
System memory in use before: 62.1 MB.
System memory in use after: 62.1 MB.

Unloading 7 unused Assets to reduce memory usage. Loaded Objects now: 1691.
Total: 1.837400 ms (FindLiveObjects: 0.127000 ms CreateObjectMapping: 0.038100 ms MarkObjects: 1.617900 ms  DeleteObjects: 0.053100 ms)

========================================================================
Received Prepare
Registering precompiled user dll's ...
Registered in 0.002504 seconds.
Begin MonoManager ReloadAssembly
Native extension for WindowsStandalone target not found
Refreshing native plugins compatible for Editor in 0.21 ms, found 0 plugins.
Preloading 0 native plugins for Editor in 0.00 ms.
Mono: successfully reloaded assembly
- Completed reload, in  1.041 seconds
Platform modules already initialized, skipping
Refreshing native plugins compatible for Editor in 0.21 ms, found 0 plugins.
Preloading 0 native plugins for Editor in 0.00 ms.
Unloading 1160 Unused Serialized files (Serialized files now loaded: 0)
System memory in use before: 62.1 MB.
System memory in use after: 62.1 MB.

Unloading 7 unused Assets to reduce memory usage. Loaded Objects now: 1694.
Total: 1.933200 ms (FindLiveObjects: 0.126200 ms CreateObjectMapping: 0.053500 ms MarkObjects: 1.710500 ms  DeleteObjects: 0.042000 ms)

========================================================================
Received Prepare
Registering precompiled user dll's ...
Registered in 0.001713 seconds.
Begin MonoManager ReloadAssembly
Native extension for WindowsStandalone target not found
Refreshing native plugins compatible for Editor in 0.21 ms, found 0 plugins.
Preloading 0 native plugins for Editor in 0.00 ms.
Mono: successfully reloaded assembly
- Completed reload, in  1.034 seconds
Platform modules already initialized, skipping
Refreshing native plugins compatible for Editor in 0.21 ms, found 0 plugins.
Preloading 0 native plugins for Editor in 0.00 ms.
Unloading 1160 Unused Serialized files (Serialized files now loaded: 0)
System memory in use before: 62.1 MB.
System memory in use after: 62.1 MB.

Unloading 7 unused Assets to reduce memory usage. Loaded Objects now: 1697.
Total: 1.645800 ms (FindLiveObjects: 0.117700 ms CreateObjectMapping: 0.028900 ms MarkObjects: 1.457800 ms  DeleteObjects: 0.040700 ms)

========================================================================
Received Import Request.
  Time since last request: 2063.184072 seconds.
  path: Assets/Easy Primitive People/Prefab/Cop.prefab
  artifactKey: Guid(35d11d1e1dd397942b5024ee78060e27) Importer(815301076,1909f56bfc062723c751e8b465ee728b)
Start importing Assets/Easy Primitive People/Prefab/Cop.prefab using Guid(35d11d1e1dd397942b5024ee78060e27) Importer(815301076,1909f56bfc062723c751e8b465ee728b)  -> (artifact id: '936cccad2837aad3080b56adc0aaf259') in 0.070201 seconds
  Import took 0.072644 seconds .

========================================================================
Received Import Request.
  Time since last request: 20.764048 seconds.
  path: Assets/Easy Primitive People/Prefab/Cop.prefab
  artifactKey: Guid(35d11d1e1dd397942b5024ee78060e27) Importer(815301076,1909f56bfc062723c751e8b465ee728b)
Start importing Assets/Easy Primitive People/Prefab/Cop.prefab using Guid(35d11d1e1dd397942b5024ee78060e27) Importer(815301076,1909f56bfc062723c751e8b465ee728b)  -> (artifact id: '0743bc1a44bb293743bc337dbfb5185f') in 0.013065 seconds
  Import took 0.015235 seconds .

========================================================================
Received Import Request.
  Time since last request: 92.629634 seconds.
  path: Assets/Easy Primitive People/Prefab/Cop.prefab
  artifactKey: Guid(35d11d1e1dd397942b5024ee78060e27) Importer(815301076,1909f56bfc062723c751e8b465ee728b)
Start importing Assets/Easy Primitive People/Prefab/Cop.prefab using Guid(35d11d1e1dd397942b5024ee78060e27) Importer(815301076,1909f56bfc062723c751e8b465ee728b)  -> (artifact id: '03403174fd9b0b32d181f076f8affcc1') in 0.014364 seconds
  Import took 0.018294 seconds .

========================================================================
Received Import Request.
  Time since last request: 10.921798 seconds.
  path: Assets/Easy Primitive People/Prefab/Cop.prefab
  artifactKey: Guid(35d11d1e1dd397942b5024ee78060e27) Importer(815301076,1909f56bfc062723c751e8b465ee728b)
Start importing Assets/Easy Primitive People/Prefab/Cop.prefab using Guid(35d11d1e1dd397942b5024ee78060e27) Importer(815301076,1909f56bfc062723c751e8b465ee728b)  -> (artifact id: '6cc611a5c20a08e35e64b161a86b7d02') in 0.011627 seconds
  Import took 0.013909 seconds .

========================================================================
Received Import Request.
  Time since last request: 16.245330 seconds.
  path: Assets/Scripts/RobberBehaviour.cs
  artifactKey: Guid(b38d7440749820547a9da63d5fe02c61) Importer(815301076,1909f56bfc062723c751e8b465ee728b)
Start importing Assets/Scripts/RobberBehaviour.cs using Guid(b38d7440749820547a9da63d5fe02c61) Importer(815301076,1909f56bfc062723c751e8b465ee728b)  -> (artifact id: 'a964f12e448d692688840567513f5400') in 0.013461 seconds
  Import took 0.016582 seconds .

========================================================================
Received Import Request.
  Time since last request: 7.410456 seconds.
  path: Assets/Scripts/CopBehaviour.cs
  artifactKey: Guid(b38d7440749820547a9da63d5fe02c61) Importer(815301076,1909f56bfc062723c751e8b465ee728b)
Start importing Assets/Scripts/CopBehaviour.cs using Guid(b38d7440749820547a9da63d5fe02c61) Importer(815301076,1909f56bfc062723c751e8b465ee728b)  -> (artifact id: 'c38d111be58078051e8b335651924480') in 0.007904 seconds
  Import took 0.010805 seconds .

========================================================================
Received Import Request.
  Time since last request: 17.012032 seconds.
  path: Assets/Scripts/CopBehaviour.cs
  artifactKey: Guid(b38d7440749820547a9da63d5fe02c61) Importer(815301076,1909f56bfc062723c751e8b465ee728b)
Start importing Assets/Scripts/CopBehaviour.cs using Guid(b38d7440749820547a9da63d5fe02c61) Importer(815301076,1909f56bfc062723c751e8b465ee728b)  -> (artifact id: '0789c73244f6fb9b85c0789412db9686') in 0.008477 seconds
  Import took 0.011997 seconds .

========================================================================
Received Prepare
Registering precompiled user dll's ...
Registered in 0.002536 seconds.
Begin MonoManager ReloadAssembly
Native extension for WindowsStandalone target not found
Refreshing native plugins compatible for Editor in 0.22 ms, found 0 plugins.
Preloading 0 native plugins for Editor in 0.00 ms.
Mono: successfully reloaded assembly
- Completed reload, in  1.111 seconds
Platform modules already initialized, skipping
Refreshing native plugins compatible for Editor in 0.22 ms, found 0 plugins.
Preloading 0 native plugins for Editor in 0.00 ms.
Unloading 1162 Unused Serialized files (Serialized files now loaded: 0)
System memory in use before: 62.2 MB.
System memory in use after: 62.2 MB.

Unloading 7 unused Assets to reduce memory usage. Loaded Objects now: 1703.
Total: 2.001000 ms (FindLiveObjects: 0.170400 ms CreateObjectMapping: 0.053300 ms MarkObjects: 1.727300 ms  DeleteObjects: 0.048800 ms)

========================================================================
Received Import Request.
  Time since last request: 35.475674 seconds.
  path: Assets/Scripts/CopBehaviour.cs
  artifactKey: Guid(b38d7440749820547a9da63d5fe02c61) Importer(815301076,1909f56bfc062723c751e8b465ee728b)
Start importing Assets/Scripts/CopBehaviour.cs using Guid(b38d7440749820547a9da63d5fe02c61) Importer(815301076,1909f56bfc062723c751e8b465ee728b)  -> (artifact id: '389329276653e0fafe33fc81431c1eef') in 0.003721 seconds
  Import took 0.005508 seconds .

========================================================================
Received Prepare
Registering precompiled user dll's ...
Registered in 0.001935 seconds.
Begin MonoManager ReloadAssembly
Native extension for WindowsStandalone target not found
Refreshing native plugins compatible for Editor in 0.22 ms, found 0 plugins.
Preloading 0 native plugins for Editor in 0.00 ms.
Mono: successfully reloaded assembly
- Completed reload, in  1.050 seconds
Platform modules already initialized, skipping
Refreshing native plugins compatible for Editor in 0.21 ms, found 0 plugins.
Preloading 0 native plugins for Editor in 0.00 ms.
Unloading 1162 Unused Serialized files (Serialized files now loaded: 0)
System memory in use before: 62.2 MB.
System memory in use after: 62.2 MB.

Unloading 7 unused Assets to reduce memory usage. Loaded Objects now: 1706.
Total: 1.611800 ms (FindLiveObjects: 0.122300 ms CreateObjectMapping: 0.030500 ms MarkObjects: 1.419400 ms  DeleteObjects: 0.039000 ms)

========================================================================
Received Import Request.
  Time since last request: 30.549403 seconds.
  path: Assets/Easy Primitive People/Prefab/Cop.prefab
  artifactKey: Guid(35d11d1e1dd397942b5024ee78060e27) Importer(815301076,1909f56bfc062723c751e8b465ee728b)
Start importing Assets/Easy Primitive People/Prefab/Cop.prefab using Guid(35d11d1e1dd397942b5024ee78060e27) Importer(815301076,1909f56bfc062723c751e8b465ee728b)  -> (artifact id: 'e2a4338c3ec7e75374638684687c2b33') in 0.050962 seconds
  Import took 0.054210 seconds .

========================================================================
Received Prepare
Registering precompiled user dll's ...
Registered in 0.001951 seconds.
Begin MonoManager ReloadAssembly
Native extension for WindowsStandalone target not found
Refreshing native plugins compatible for Editor in 0.29 ms, found 0 plugins.
Preloading 0 native plugins for Editor in 0.00 ms.
Mono: successfully reloaded assembly
- Completed reload, in  1.179 seconds
Platform modules already initialized, skipping
Refreshing native plugins compatible for Editor in 0.24 ms, found 0 plugins.
Preloading 0 native plugins for Editor in 0.00 ms.
Unloading 1162 Unused Serialized files (Serialized files now loaded: 0)
System memory in use before: 62.2 MB.
System memory in use after: 62.3 MB.

Unloading 7 unused Assets to reduce memory usage. Loaded Objects now: 1710.
Total: 2.248700 ms (FindLiveObjects: 0.182900 ms CreateObjectMapping: 0.038600 ms MarkObjects: 1.899400 ms  DeleteObjects: 0.126800 ms)

========================================================================
Received Prepare
Registering precompiled user dll's ...
Registered in 0.002273 seconds.
Begin MonoManager ReloadAssembly
Native extension for WindowsStandalone target not found
Refreshing native plugins compatible for Editor in 0.21 ms, found 0 plugins.
Preloading 0 native plugins for Editor in 0.00 ms.
Mono: successfully reloaded assembly
- Completed reload, in  1.117 seconds
Platform modules already initialized, skipping
Refreshing native plugins compatible for Editor in 0.26 ms, found 0 plugins.
Preloading 0 native plugins for Editor in 0.00 ms.
Unloading 1162 Unused Serialized files (Serialized files now loaded: 0)
System memory in use before: 62.2 MB.
System memory in use after: 62.2 MB.

Unloading 7 unused Assets to reduce memory usage. Loaded Objects now: 1713.
Total: 1.807700 ms (FindLiveObjects: 0.144000 ms CreateObjectMapping: 0.066500 ms MarkObjects: 1.555400 ms  DeleteObjects: 0.041000 ms)

========================================================================
Received Prepare
Registering precompiled user dll's ...
Registered in 0.003061 seconds.
Begin MonoManager ReloadAssembly
Native extension for WindowsStandalone target not found
Refreshing native plugins compatible for Editor in 0.22 ms, found 0 plugins.
Preloading 0 native plugins for Editor in 0.00 ms.
Mono: successfully reloaded assembly
- Completed reload, in  1.151 seconds
Platform modules already initialized, skipping
Refreshing native plugins compatible for Editor in 0.22 ms, found 0 plugins.
Preloading 0 native plugins for Editor in 0.00 ms.
Unloading 1162 Unused Serialized files (Serialized files now loaded: 0)
System memory in use before: 62.2 MB.
System memory in use after: 62.2 MB.

Unloading 7 unused Assets to reduce memory usage. Loaded Objects now: 1716.
Total: 1.908200 ms (FindLiveObjects: 0.145500 ms CreateObjectMapping: 0.050000 ms MarkObjects: 1.652900 ms  DeleteObjects: 0.059000 ms)

========================================================================
Received Prepare
Registering precompiled user dll's ...
Registered in 0.002057 seconds.
Begin MonoManager ReloadAssembly
Native extension for WindowsStandalone target not found
Refreshing native plugins compatible for Editor in 0.21 ms, found 0 plugins.
Preloading 0 native plugins for Editor in 0.00 ms.
Mono: successfully reloaded assembly
- Completed reload, in  1.141 seconds
Platform modules already initialized, skipping
Refreshing native plugins compatible for Editor in 0.21 ms, found 0 plugins.
Preloading 0 native plugins for Editor in 0.00 ms.
Unloading 1162 Unused Serialized files (Serialized files now loaded: 0)
System memory in use before: 62.2 MB.
System memory in use after: 62.2 MB.

Unloading 7 unused Assets to reduce memory usage. Loaded Objects now: 1719.
Total: 1.618600 ms (FindLiveObjects: 0.125800 ms CreateObjectMapping: 0.034000 ms MarkObjects: 1.417800 ms  DeleteObjects: 0.040300 ms)

========================================================================
Received Prepare
Registering precompiled user dll's ...
Registered in 0.002432 seconds.
Begin MonoManager ReloadAssembly
Native extension for WindowsStandalone target not found
Refreshing native plugins compatible for Editor in 0.22 ms, found 0 plugins.
Preloading 0 native plugins for Editor in 0.00 ms.
Mono: successfully reloaded assembly
- Completed reload, in  1.145 seconds
Platform modules already initialized, skipping
Refreshing native plugins compatible for Editor in 0.24 ms, found 0 plugins.
Preloading 0 native plugins for Editor in 0.00 ms.
Unloading 1162 Unused Serialized files (Serialized files now loaded: 0)
System memory in use before: 62.2 MB.
System memory in use after: 62.3 MB.

Unloading 7 unused Assets to reduce memory usage. Loaded Objects now: 1722.
Total: 1.907600 ms (FindLiveObjects: 0.130900 ms CreateObjectMapping: 0.039800 ms MarkObjects: 1.685900 ms  DeleteObjects: 0.049900 ms)

========================================================================
Received Prepare
Registering precompiled user dll's ...
Registered in 0.002297 seconds.
Begin MonoManager ReloadAssembly
Native extension for WindowsStandalone target not found
Refreshing native plugins compatible for Editor in 0.21 ms, found 0 plugins.
Preloading 0 native plugins for Editor in 0.00 ms.
Mono: successfully reloaded assembly
- Completed reload, in  1.086 seconds
Platform modules already initialized, skipping
Refreshing native plugins compatible for Editor in 0.21 ms, found 0 plugins.
Preloading 0 native plugins for Editor in 0.00 ms.
Unloading 1162 Unused Serialized files (Serialized files now loaded: 0)
System memory in use before: 62.2 MB.
System memory in use after: 62.3 MB.

Unloading 7 unused Assets to reduce memory usage. Loaded Objects now: 1725.
Total: 1.709200 ms (FindLiveObjects: 0.129300 ms CreateObjectMapping: 0.037100 ms MarkObjects: 1.497900 ms  DeleteObjects: 0.044100 ms)

========================================================================
Received Prepare
Registering precompiled user dll's ...
Registered in 0.001642 seconds.
Begin MonoManager ReloadAssembly
Native extension for WindowsStandalone target not found
Refreshing native plugins compatible for Editor in 0.21 ms, found 0 plugins.
Preloading 0 native plugins for Editor in 0.00 ms.
Mono: successfully reloaded assembly
- Completed reload, in  1.081 seconds
Platform modules already initialized, skipping
Refreshing native plugins compatible for Editor in 0.21 ms, found 0 plugins.
Preloading 0 native plugins for Editor in 0.00 ms.
Unloading 1162 Unused Serialized files (Serialized files now loaded: 0)
System memory in use before: 62.2 MB.
System memory in use after: 62.3 MB.

Unloading 7 unused Assets to reduce memory usage. Loaded Objects now: 1728.
Total: 1.754100 ms (FindLiveObjects: 0.122700 ms CreateObjectMapping: 0.028700 ms MarkObjects: 1.521400 ms  DeleteObjects: 0.080700 ms)

========================================================================
Received Prepare
Registering precompiled user dll's ...
Registered in 0.002518 seconds.
Begin MonoManager ReloadAssembly
Native extension for WindowsStandalone target not found
Refreshing native plugins compatible for Editor in 0.55 ms, found 0 plugins.
Preloading 0 native plugins for Editor in 0.00 ms.
Mono: successfully reloaded assembly
- Completed reload, in  2.319 seconds
Platform modules already initialized, skipping
Refreshing native plugins compatible for Editor in 0.24 ms, found 0 plugins.
Preloading 0 native plugins for Editor in 0.00 ms.
Unloading 1162 Unused Serialized files (Serialized files now loaded: 0)
System memory in use before: 62.2 MB.
System memory in use after: 62.3 MB.

Unloading 7 unused Assets to reduce memory usage. Loaded Objects now: 1731.
Total: 2.264300 ms (FindLiveObjects: 0.207100 ms CreateObjectMapping: 0.081200 ms MarkObjects: 1.923800 ms  DeleteObjects: 0.051100 ms)

========================================================================
Received Prepare
Registering precompiled user dll's ...
Registered in 0.002835 seconds.
Begin MonoManager ReloadAssembly
Native extension for WindowsStandalone target not found
Refreshing native plugins compatible for Editor in 0.38 ms, found 0 plugins.
Preloading 0 native plugins for Editor in 0.00 ms.
Mono: successfully reloaded assembly
- Completed reload, in  1.432 seconds
Platform modules already initialized, skipping
Refreshing native plugins compatible for Editor in 0.53 ms, found 0 plugins.
Preloading 0 native plugins for Editor in 0.00 ms.
Unloading 1162 Unused Serialized files (Serialized files now loaded: 0)
System memory in use before: 62.2 MB.
System memory in use after: 62.3 MB.

Unloading 7 unused Assets to reduce memory usage. Loaded Objects now: 1734.
Total: 3.273900 ms (FindLiveObjects: 0.252800 ms CreateObjectMapping: 0.089700 ms MarkObjects: 2.838100 ms  DeleteObjects: 0.092000 ms)

========================================================================
Received Prepare
Registering precompiled user dll's ...
Registered in 0.003087 seconds.
Begin MonoManager ReloadAssembly
Native extension for WindowsStandalone target not found
Refreshing native plugins compatible for Editor in 0.29 ms, found 0 plugins.
Preloading 0 native plugins for Editor in 0.00 ms.
Mono: successfully reloaded assembly
- Completed reload, in  1.824 seconds
Platform modules already initialized, skipping
Refreshing native plugins compatible for Editor in 0.40 ms, found 0 plugins.
Preloading 0 native plugins for Editor in 0.00 ms.
Unloading 1162 Unused Serialized files (Serialized files now loaded: 0)
System memory in use before: 62.2 MB.
System memory in use after: 62.3 MB.

Unloading 7 unused Assets to reduce memory usage. Loaded Objects now: 1737.
Total: 2.130100 ms (FindLiveObjects: 0.152200 ms CreateObjectMapping: 0.040800 ms MarkObjects: 1.878800 ms  DeleteObjects: 0.057300 ms)

AssetImportWorkerClient::OnTransportError - code=2 error=End of file
